#
# A fatal error has been detected by the Java Runtime Environment:
#
#  SIGSEGV (0xb) at pc=0x000000012174e2c3, pid=3965, tid=57863
#
# JRE version: Java(TM) SE Runtime Environment (8.0_65-b17) (build 1.8.0_65-b17)
# Java VM: Java HotSpot(TM) 64-Bit Server VM (25.65-b01 mixed mode bsd-amd64 compressed oops)
# Problematic frame:
# C  [libawt_lwawt.dylib+0x1b2c3]  OGLSD_SetScratchSurface+0x49
#
# Failed to write core dump. Core dumps have been disabled. To enable core dumping, try "ulimit -c unlimited" before starting Java again
#
# If you would like to submit a bug report, please visit:
#   http://bugreport.java.com/bugreport/crash.jsp
# The crash happened outside the Java Virtual Machine in native code.
# See problematic frame for where to report the bug.
#

---------------  T H R E A D  ---------------

Current thread (0x00007fe16c0d6800):  JavaThread "Java2D Queue Flusher" daemon [_thread_in_native, id=57863, stack(0x0000700005bc3000,0x0000700005cc3000)]

siginfo: si_signo: 11 (SIGSEGV), si_code: 1 (SEGV_MAPERR), si_addr: 0x0000000000000002

Registers:
RAX=0x000000012176e50a, RBX=0x0000000000000002, RCX=0x0000000000000047, RDX=0x000000012176ea54
RSP=0x0000700005cc2760, RBP=0x0000700005cc2780, RSI=0x00007fe169482a00, RDI=0x00007fe16c0d69f8
R8 =0x00007fe16946c140, R9 =0x00000000000c6145, R10=0x0000000104e7b928, R11=0x00000001043b94cf
R12=0x0000000000000000, R13=0x000000011dc969d8, R14=0x00007fe16c0d69f8, R15=0x00007fe16c0d6800
RIP=0x000000012174e2c3, EFLAGS=0x0000000000010202, ERR=0x0000000000000004
  TRAPNO=0x000000000000000e

Top of Stack: (sp=0x0000700005cc2760)
0x0000700005cc2760:   00007fe169482a00 0000000000000000
0x0000700005cc2770:   00007fe16c108a10 00007fe16c0d6800
0x0000700005cc2780:   0000700005cc2800 000000012176e532
0x0000700005cc2790:   00007fe16c0d6800 000000000000ea0f
0x0000700005cc27a0:   00007fe16946c100 0000000200000001
0x0000700005cc27b0:   000000001d943a30 000000011d943a00
0x0000700005cc27c0:   0000000000000000 00007fe16c108a20
0x0000700005cc27d0:   0000700000cc28a8 00007fe16c0d69f8
0x0000700005cc27e0:   000000011dc969d8 0000000000000000
0x0000700005cc27f0:   0000700005cc28a8 00007fe16c0d6800
0x0000700005cc2800:   0000700005cc2870 0000000104e7b954
0x0000700005cc2810:   00007fe16c0d6800 00007fe16b85f198
0x0000700005cc2820:   0000700005cc2850 000000010440bdc0
0x0000700005cc2830:   0000700005cc2830 0000000000000000
0x0000700005cc2840:   0000700005cc28a8 000000011dc97ac8
0x0000700005cc2850:   0000000000000000 000000011dc969d8
0x0000700005cc2860:   0000000000000000 0000700005cc2890
0x0000700005cc2870:   0000700005cc28f0 0000000104e6dc4d
0x0000700005cc2880:   0000000000000000 0000000104e75578
0x0000700005cc2890:   0000000000000020 00007fe16c108a00
0x0000700005cc28a0:   000000076eb18ea8 000000076eb18e90
0x0000700005cc28b0:   0000700005cc28b0 000000011dc96a85
0x0000700005cc28c0:   0000700005cc2908 000000011dc97ac8
0x0000700005cc28d0:   000000011df03910 000000011dc96aa8
0x0000700005cc28e0:   0000700005cc2890 0000700005cc2910
0x0000700005cc28f0:   000000076eb18000 00000001050ee23c
0x0000700005cc2900:   0000000000000020 000000076eb18e90
0x0000700005cc2910:   000000076eb18000 0000000100000000
0x0000700005cc2920:   000000076eb18000 0000000000000000
0x0000700005cc2930:   0000700005cc2960 0000700005cc29d0
0x0000700005cc2940:   0000000000000001 0000000000000000
0x0000700005cc2950:   0000700005cc29d0 0000000104e667a7 

Instructions: (pc=0x000000012174e2c3)
0x000000012174e2a3:   c0 e9 82 00 00 00 48 8b 5e 10 48 85 db 75 0e bf
0x000000012174e2b3:   01 00 00 00 48 8d 15 d7 71 03 00 eb d6 49 89 fe
0x000000012174e2c3:   4c 8b 3b 30 c0 e8 01 9e 02 00 49 8b 3f 49 89 c4
0x000000012174e2d3:   48 8b 35 36 f3 05 00 30 c0 e8 2b 9f 02 00 48 85 

Register to memory mapping:

RAX=0x000000012176e50a: Java_sun_java2d_opengl_OGLRenderQueue_flushBuffer+0x612 in /Library/Java/JavaVirtualMachines/jdk1.8.0_65.jdk/Contents/Home/jre/lib/libawt_lwawt.dylib at 0x0000000121733000
RBX=0x0000000000000002 is an unknown value
RCX=0x0000000000000047 is an unknown value
RDX=0x000000012176ea54: Java_sun_java2d_opengl_OGLRenderQueue_flushBuffer+0xb5c in /Library/Java/JavaVirtualMachines/jdk1.8.0_65.jdk/Contents/Home/jre/lib/libawt_lwawt.dylib at 0x0000000121733000
RSP=0x0000700005cc2760 is pointing into the stack for thread: 0x00007fe16c0d6800
RBP=0x0000700005cc2780 is pointing into the stack for thread: 0x00007fe16c0d6800
RSI=0x00007fe169482a00 is an unknown value
RDI=0x00007fe16c0d69f8 is an unknown value
R8 =0x00007fe16946c140 is an unknown value
R9 =0x00000000000c6145 is an unknown value
R10=0x0000000104e7b928 is at code_begin+808 in an Interpreter codelet
method entry point (kind = native)  [0x0000000104e7b600, 0x0000000104e7bf00]  2304 bytes
R11=0x00000001043b94cf: throw_unsatisfied_link_error+0 in /Library/Java/JavaVirtualMachines/jdk1.8.0_65.jdk/Contents/Home/jre/lib/server/libjvm.dylib at 0x0000000103edd000
R12=0x0000000000000000 is an unknown value
R13={method} {0x000000011dc969d8} 'flushBuffer' '(JI)V' in 'sun/java2d/opengl/OGLRenderQueue'
R14=0x00007fe16c0d69f8 is an unknown value
R15=0x00007fe16c0d6800 is a thread


Stack: [0x0000700005bc3000,0x0000700005cc3000],  sp=0x0000700005cc2760,  free space=1021k
Native frames: (J=compiled Java code, j=interpreted, Vv=VM code, C=native code)
C  [libawt_lwawt.dylib+0x1b2c3]  OGLSD_SetScratchSurface+0x49
C  [libawt_lwawt.dylib+0x3b532]  Java_sun_java2d_opengl_OGLRenderQueue_flushBuffer+0x63a
j  sun.java2d.opengl.OGLRenderQueue.flushBuffer(JI)V+0
j  sun.java2d.opengl.OGLRenderQueue.flushBuffer()V+21
J 677% C2 sun.java2d.opengl.OGLRenderQueue$QueueFlusher.run()V (234 bytes) @ 0x00000001050ee23c [0x00000001050ee020+0x21c]
v  ~StubRoutines::call_stub
V  [libjvm.dylib+0x2eab02]
V  [libjvm.dylib+0x2eb290]
V  [libjvm.dylib+0x2eb43c]
V  [libjvm.dylib+0x345959]
V  [libjvm.dylib+0x5612d3]
V  [libjvm.dylib+0x5629ce]
V  [libjvm.dylib+0x48342e]
C  [libsystem_pthread.dylib+0x3abb]  _pthread_body+0xb4
C  [libsystem_pthread.dylib+0x3a07]  _pthread_body+0x0
C  [libsystem_pthread.dylib+0x3231]  thread_start+0xd
C  0x0000000000000000

Java frames: (J=compiled Java code, j=interpreted, Vv=VM code)
j  sun.java2d.opengl.OGLRenderQueue.flushBuffer(JI)V+0
j  sun.java2d.opengl.OGLRenderQueue.flushBuffer()V+21
J 677% C2 sun.java2d.opengl.OGLRenderQueue$QueueFlusher.run()V (234 bytes) @ 0x00000001050ee23c [0x00000001050ee020+0x21c]
v  ~StubRoutines::call_stub

---------------  P R O C E S S  ---------------

Java Threads: ( => current thread )
  0x00007fe16c14e800 JavaThread "TimerQueue" daemon [_thread_blocked, id=63047, stack(0x0000700005e4c000,0x0000700005f4c000)]
  0x00007fe16b232000 JavaThread "Java2D Disposer" daemon [_thread_blocked, id=59919, stack(0x0000700005cc6000,0x0000700005dc6000)]
=>0x00007fe16c0d6800 JavaThread "Java2D Queue Flusher" daemon [_thread_in_native, id=57863, stack(0x0000700005bc3000,0x0000700005cc3000)]
  0x00007fe16b1f2800 JavaThread "DestroyJavaVM" [_thread_blocked, id=7171, stack(0x00007000043f5000,0x00007000044f5000)]
  0x00007fe16c0cc800 JavaThread "AWT-EventQueue-0" [_thread_blocked, id=50223, stack(0x0000700005ac0000,0x0000700005bc0000)]
  0x00007fe16b1a8800 JavaThread "AWT-Shutdown" [_thread_blocked, id=32287, stack(0x00007000057b1000,0x00007000058b1000)]
  0x00007fe16a01a800 JavaThread "AppKit Thread" daemon [_thread_in_native, id=2059, stack(0x00007fff5c928000,0x00007fff5d128000)]
  0x00007fe16b05a800 JavaThread "Service Thread" daemon [_thread_blocked, id=20995, stack(0x0000700005528000,0x0000700005628000)]
  0x00007fe16c00c000 JavaThread "C1 CompilerThread3" daemon [_thread_blocked, id=20483, stack(0x0000700005425000,0x0000700005525000)]
  0x00007fe16c00b800 JavaThread "C2 CompilerThread2" daemon [_thread_blocked, id=19971, stack(0x0000700005322000,0x0000700005422000)]
  0x00007fe16c00a800 JavaThread "C2 CompilerThread1" daemon [_thread_blocked, id=19459, stack(0x000070000521f000,0x000070000531f000)]
  0x00007fe16b051800 JavaThread "C2 CompilerThread0" daemon [_thread_blocked, id=18947, stack(0x000070000511c000,0x000070000521c000)]
  0x00007fe16b061800 JavaThread "Signal Dispatcher" daemon [_thread_blocked, id=18435, stack(0x0000700005019000,0x0000700005119000)]
  0x00007fe16981a800 JavaThread "Finalizer" daemon [_thread_blocked, id=14595, stack(0x0000700004f16000,0x0000700005016000)]
  0x00007fe16c802000 JavaThread "Reference Handler" daemon [_thread_blocked, id=14083, stack(0x0000700004e13000,0x0000700004f13000)]

Other Threads:
  0x00007fe16c003000 VMThread [stack: 0x0000700004d10000,0x0000700004e10000] [id=13571]
  0x00007fe169841800 WatcherThread [stack: 0x000070000562b000,0x000070000572b000] [id=21507]

VM state:not at safepoint (normal execution)

VM Mutex/Monitor currently owned by a thread: None

Heap:
 PSYoungGen      total 76288K, used 4401K [0x000000076ab00000, 0x0000000770000000, 0x00000007c0000000)
  eden space 65536K, 4% used [0x000000076ab00000,0x000000076ae005f0,0x000000076eb00000)
  from space 10752K, 12% used [0x000000076eb00000,0x000000076ec4c010,0x000000076f580000)
  to   space 10752K, 0% used [0x000000076f580000,0x000000076f580000,0x0000000770000000)
 ParOldGen       total 175104K, used 16K [0x00000006c0000000, 0x00000006cab00000, 0x000000076ab00000)
  object space 175104K, 0% used [0x00000006c0000000,0x00000006c0004000,0x00000006cab00000)
 Metaspace       used 8794K, capacity 8978K, committed 9088K, reserved 1056768K
  class space    used 1063K, capacity 1151K, committed 1152K, reserved 1048576K

Card table byte_map: [0x0000000114226000,0x0000000114a27000] byte_map_base: 0x0000000110c26000

Marking Bits: (ParMarkBitMap*) 0x00000001047bbe20
 Begin Bits: [0x0000000114f7d000, 0x0000000118f7d000)
 End Bits:   [0x0000000118f7d000, 0x000000011cf7d000)

Polling page: 0x0000000102b98000

CodeCache: size=245760Kb used=2844Kb max_used=2844Kb free=242915Kb
 bounds [0x0000000104e66000, 0x0000000105136000, 0x0000000113e66000]
 total_blobs=1245 nmethods=797 adapters=362
 compilation: enabled

Compilation events (10 events):
Event: 414116.704 Thread 0x00007fe16c00c000  792       3       javax.swing.ArrayTable::get (83 bytes)
Event: 414116.705 Thread 0x00007fe16c00c000 nmethod 792 0x000000010512d050 code [0x000000010512d220, 0x000000010512da18]
Event: 414116.734 Thread 0x00007fe16c00c000  793   !   3       javax.swing.JComponent::getClientProperty (56 bytes)
Event: 414116.736 Thread 0x00007fe16c00c000 nmethod 793 0x000000010512dc50 code [0x000000010512dde0, 0x000000010512e228]
Event: 424163.687 Thread 0x00007fe16c00c000  795  s!   3       sun.java2d.opengl.OGLRenderQueue$QueueFlusher::flushNow (40 bytes)
Event: 424163.687 Thread 0x00007fe16c00c000 nmethod 795 0x000000010512e6d0 code [0x000000010512e880, 0x000000010512ef18]
Event: 424163.687 Thread 0x00007fe16c00c000  796       3       sun.java2d.pipe.RenderBuffer::clear (9 bytes)
Event: 424163.687 Thread 0x00007fe16c00c000 nmethod 796 0x000000010512f110 code [0x000000010512f260, 0x000000010512f3b0]
Event: 424163.687 Thread 0x00007fe16c00c000  797       3       java.util.HashSet::clear (8 bytes)
Event: 424163.687 Thread 0x00007fe16c00c000 nmethod 797 0x000000010512f410 code [0x000000010512f580, 0x000000010512f7a8]

GC Heap History (2 events):
Event: 424163.683 GC heap before
{Heap before GC invocations=1 (full 0):
 PSYoungGen      total 76288K, used 65536K [0x000000076ab00000, 0x0000000770000000, 0x00000007c0000000)
  eden space 65536K, 100% used [0x000000076ab00000,0x000000076eb00000,0x000000076eb00000)
  from space 10752K, 0% used [0x000000076f580000,0x000000076f580000,0x0000000770000000)
  to   space 10752K, 0% used [0x000000076eb00000,0x000000076eb00000,0x000000076f580000)
 ParOldGen       total 175104K, used 0K [0x00000006c0000000, 0x00000006cab00000, 0x000000076ab00000)
  object space 175104K, 0% used [0x00000006c0000000,0x00000006c0000000,0x00000006cab00000)
 Metaspace       used 8792K, capacity 8978K, committed 9088K, reserved 1056768K
  class space    used 1063K, capacity 1151K, committed 1152K, reserved 1048576K
Event: 424163.686 GC heap after
Heap after GC invocations=1 (full 0):
 PSYoungGen      total 76288K, used 1328K [0x000000076ab00000, 0x0000000770000000, 0x00000007c0000000)
  eden space 65536K, 0% used [0x000000076ab00000,0x000000076ab00000,0x000000076eb00000)
  from space 10752K, 12% used [0x000000076eb00000,0x000000076ec4c010,0x000000076f580000)
  to   space 10752K, 0% used [0x000000076f580000,0x000000076f580000,0x0000000770000000)
 ParOldGen       total 175104K, used 16K [0x00000006c0000000, 0x00000006cab00000, 0x000000076ab00000)
  object space 175104K, 0% used [0x00000006c0000000,0x00000006c0004000,0x00000006cab00000)
 Metaspace       used 8792K, capacity 8978K, committed 9088K, reserved 1056768K
  class space    used 1063K, capacity 1151K, committed 1152K, reserved 1048576K
}

Deoptimization events (10 events):
Event: 2634.975 Thread 0x00007fe16c0cc800 Uncommon trap: reason=unstable_if action=reinterpret pc=0x0000000105056f68 method=java.awt.geom.AffineTransform.equals(Ljava/lang/Object;)Z @ 83
Event: 24510.113 Thread 0x00007fe16c0d6800 Uncommon trap: reason=unstable_if action=reinterpret pc=0x00000001050b3ad8 method=sun.java2d.opengl.OGLRenderQueue$QueueFlusher.run()V @ 22
Event: 24510.146 Thread 0x00007fe16c0cc800 Uncommon trap: reason=unstable_if action=reinterpret pc=0x000000010509fbb8 method=java.util.concurrent.locks.ReentrantLock$Sync.nonfairTryAcquire(I)Z @ 34
Event: 24510.146 Thread 0x00007fe16c0cc800 Uncommon trap: reason=unstable_if action=reinterpret pc=0x00000001050901b0 method=java.util.concurrent.locks.AbstractQueuedSynchronizer.enq(Ljava/util/concurrent/locks/AbstractQueuedSynchronizer$Node;)Ljava/util/concurrent/locks/AbstractQueuedSynchronizer
Event: 24510.146 Thread 0x00007fe16c0cc800 Uncommon trap: reason=unstable_if action=reinterpret pc=0x00000001050908dc method=java.util.concurrent.locks.ReentrantLock$Sync.nonfairTryAcquire(I)Z @ 34
Event: 24510.146 Thread 0x00007fe16c0cc800 Uncommon trap: reason=unstable_if action=reinterpret pc=0x00000001050911b8 method=java.util.concurrent.locks.ReentrantLock$Sync.nonfairTryAcquire(I)Z @ 34
Event: 24510.170 Thread 0x00007fe16a01a800 Uncommon trap: reason=unstable_if action=reinterpret pc=0x000000010508bdf8 method=java.util.concurrent.locks.ReentrantLock$Sync.nonfairTryAcquire(I)Z @ 34
Event: 82540.292 Thread 0x00007fe16c0d6800 Uncommon trap: reason=class_check action=maybe_recompile pc=0x00000001050c7bac method=sun.java2d.opengl.OGLRenderQueue$QueueFlusher.run()V @ 95
Event: 99092.900 Thread 0x00007fe16c0d6800 Uncommon trap: reason=unstable_if action=reinterpret pc=0x00000001050c7b48 method=sun.java2d.opengl.OGLRenderQueue$QueueFlusher.run()V @ 34
Event: 99093.003 Thread 0x00007fe16c0d6800 Uncommon trap: reason=unstable_if action=reinterpret pc=0x0000000105090d94 method=java.util.concurrent.locks.ReentrantLock$Sync.nonfairTryAcquire(I)Z @ 34

Internal exceptions (10 events):
Event: 410203.941 Thread 0x00007fe16c0cc800 Exception <a 'java/lang/ArrayIndexOutOfBoundsException'> (0x000000076e48f6f0) thrown at [/Users/java_re/workspace/8-2-build-macosx-x86_64/jdk8u65/4987/hotspot/src/share/vm/runtime/sharedRuntime.cpp, line 605]
Event: 410203.941 Thread 0x00007fe16c0cc800 Exception <a 'java/lang/ArrayIndexOutOfBoundsException'> (0x000000076e48f6f0) thrown at [/Users/java_re/workspace/8-2-build-macosx-x86_64/jdk8u65/4987/hotspot/src/share/vm/prims/jvm.cpp, line 1390]
Event: 410203.941 Thread 0x00007fe16c0cc800 Exception <a 'java/lang/ArrayIndexOutOfBoundsException'> (0x000000076e48f6f0) thrown at [/Users/java_re/workspace/8-2-build-macosx-x86_64/jdk8u65/4987/hotspot/src/share/vm/prims/jvm.cpp, line 1390]
Event: 414116.704 Thread 0x00007fe16c0cc800 Exception <a 'java/lang/ArrayIndexOutOfBoundsException'> (0x000000076e4a0838) thrown at [/Users/java_re/workspace/8-2-build-macosx-x86_64/jdk8u65/4987/hotspot/src/share/vm/runtime/sharedRuntime.cpp, line 605]
Event: 414116.704 Thread 0x00007fe16c0cc800 Exception <a 'java/lang/ArrayIndexOutOfBoundsException'> (0x000000076e4a0838) thrown at [/Users/java_re/workspace/8-2-build-macosx-x86_64/jdk8u65/4987/hotspot/src/share/vm/prims/jvm.cpp, line 1390]
Event: 414116.704 Thread 0x00007fe16c0cc800 Exception <a 'java/lang/ArrayIndexOutOfBoundsException'> (0x000000076e4a0838) thrown at [/Users/java_re/workspace/8-2-build-macosx-x86_64/jdk8u65/4987/hotspot/src/share/vm/prims/jvm.cpp, line 1390]
Event: 414116.734 Thread 0x00007fe16c0cc800 Exception <a 'java/lang/ArrayIndexOutOfBoundsException'> (0x000000076e4b16f0) thrown at [/Users/java_re/workspace/8-2-build-macosx-x86_64/jdk8u65/4987/hotspot/src/share/vm/runtime/sharedRuntime.cpp, line 605]
Event: 414116.734 Thread 0x00007fe16c0cc800 Exception <a 'java/lang/ArrayIndexOutOfBoundsException'> (0x000000076e4b16f0) thrown at [/Users/java_re/workspace/8-2-build-macosx-x86_64/jdk8u65/4987/hotspot/src/share/vm/prims/jvm.cpp, line 1390]
Event: 414116.734 Thread 0x00007fe16c0cc800 Exception <a 'java/lang/ArrayIndexOutOfBoundsException'> (0x000000076e4b16f0) thrown at [/Users/java_re/workspace/8-2-build-macosx-x86_64/jdk8u65/4987/hotspot/src/share/vm/prims/jvm.cpp, line 1390]
Event: 424163.686 Thread 0x00007fe16981a800 Exception <a 'java/lang/NullPointerException'> (0x000000076ac14d68) thrown at [/Users/java_re/workspace/8-2-build-macosx-x86_64/jdk8u65/4987/hotspot/src/share/vm/interpreter/linkResolver.cpp, line 1178]

Events (10 events):
Event: 99093.003 Thread 0x00007fe16c0d6800 DEOPT PACKING pc=0x0000000105090d94 sp=0x0000700005cc28a0
Event: 99093.003 Thread 0x00007fe16c0d6800 DEOPT UNPACKING pc=0x0000000104e6b229 sp=0x0000700005cc2740 mode 2
Event: 104969.086 Thread 0x00007fe16c0d6800 DEOPT PACKING pc=0x00000001050e8c16 sp=0x0000700005cc2850
Event: 104969.086 Thread 0x00007fe16c0d6800 DEOPT UNPACKING pc=0x0000000104ead633 sp=0x0000700005cc2648 mode 0
Event: 199029.290 Executing VM operation: BulkRevokeBias
Event: 199029.290 Executing VM operation: BulkRevokeBias done
Event: 414116.736 Executing VM operation: BulkRevokeBias
Event: 414116.736 Executing VM operation: BulkRevokeBias done
Event: 424163.683 Executing VM operation: ParallelGCFailedAllocation
Event: 424163.686 Executing VM operation: ParallelGCFailedAllocation done


Dynamic libraries:
0x000000000f8b9000 	/System/Library/Frameworks/Cocoa.framework/Versions/A/Cocoa
0x000000000f8b9000 	/System/Library/Frameworks/Security.framework/Versions/A/Security
0x000000000f8b9000 	/System/Library/Frameworks/ApplicationServices.framework/Versions/A/ApplicationServices
0x000000000f8b9000 	/usr/lib/libz.1.dylib
0x000000000f8b9000 	/usr/lib/libSystem.B.dylib
0x000000000f8b9000 	/usr/lib/libobjc.A.dylib
0x000000000f8b9000 	/System/Library/Frameworks/CoreFoundation.framework/Versions/A/CoreFoundation
0x000000000f8b9000 	/System/Library/Frameworks/Foundation.framework/Versions/C/Foundation
0x000000000f8b9000 	/System/Library/Frameworks/AppKit.framework/Versions/C/AppKit
0x000000000f8b9000 	/System/Library/Frameworks/CoreData.framework/Versions/A/CoreData
0x000000000f8b9000 	/System/Library/PrivateFrameworks/RemoteViewServices.framework/Versions/A/RemoteViewServices
0x000000000f8b9000 	/System/Library/PrivateFrameworks/UIFoundation.framework/Versions/A/UIFoundation
0x000000000f8b9000 	/usr/lib/libenergytrace.dylib
0x000000000f8b9000 	/System/Library/PrivateFrameworks/SkyLight.framework/Versions/A/SkyLight
0x000000000f8b9000 	/System/Library/Frameworks/CoreGraphics.framework/Versions/A/CoreGraphics
0x000000000f8b9000 	/usr/lib/libScreenReader.dylib
0x000000000f8b9000 	/System/Library/Frameworks/Accelerate.framework/Versions/A/Accelerate
0x000000000f8b9000 	/System/Library/Frameworks/IOSurface.framework/Versions/A/IOSurface
0x000000000f8b9000 	/System/Library/Frameworks/AudioToolbox.framework/Versions/A/AudioToolbox
0x000000000f8b9000 	/System/Library/Frameworks/AudioUnit.framework/Versions/A/AudioUnit
0x000000000f8b9000 	/System/Library/PrivateFrameworks/DataDetectorsCore.framework/Versions/A/DataDetectorsCore
0x000000000f8b9000 	/System/Library/PrivateFrameworks/DesktopServicesPriv.framework/Versions/A/DesktopServicesPriv
0x000000000f8b9000 	/System/Library/Frameworks/Carbon.framework/Versions/A/Frameworks/HIToolbox.framework/Versions/A/HIToolbox
0x000000000f8b9000 	/usr/lib/libicucore.A.dylib
0x000000000f8b9000 	/System/Library/Frameworks/QuartzCore.framework/Versions/A/QuartzCore
0x000000000f8b9000 	/System/Library/Frameworks/Carbon.framework/Versions/A/Frameworks/SpeechRecognition.framework/Versions/A/SpeechRecognition
0x000000000f8b9000 	/usr/lib/libauto.dylib
0x000000000f8b9000 	/usr/lib/libxml2.2.dylib
0x000000000f8b9000 	/System/Library/PrivateFrameworks/CoreUI.framework/Versions/A/CoreUI
0x000000000f8b9000 	/System/Library/Frameworks/CoreAudio.framework/Versions/A/CoreAudio
0x000000000f8b9000 	/System/Library/Frameworks/DiskArbitration.framework/Versions/A/DiskArbitration
0x000000000f8b9000 	/usr/lib/liblangid.dylib
0x000000000f8b9000 	/System/Library/PrivateFrameworks/MultitouchSupport.framework/Versions/A/MultitouchSupport
0x000000000f8b9000 	/System/Library/Frameworks/IOKit.framework/Versions/A/IOKit
0x000000000f8b9000 	/usr/lib/libDiagnosticMessagesClient.dylib
0x000000000f8b9000 	/System/Library/Frameworks/CoreServices.framework/Versions/A/CoreServices
0x000000000f8b9000 	/System/Library/PrivateFrameworks/PerformanceAnalysis.framework/Versions/A/PerformanceAnalysis
0x000000000f8b9000 	/System/Library/PrivateFrameworks/GenerationalStorage.framework/Versions/A/GenerationalStorage
0x000000000f8b9000 	/System/Library/Frameworks/OpenGL.framework/Versions/A/OpenGL
0x000000000f8b9000 	/System/Library/Frameworks/CoreImage.framework/Versions/A/CoreImage
0x000000000f8b9000 	/System/Library/Frameworks/CoreText.framework/Versions/A/CoreText
0x000000000f8b9000 	/System/Library/Frameworks/ImageIO.framework/Versions/A/ImageIO
0x000000000f8b9000 	/System/Library/PrivateFrameworks/Backup.framework/Versions/A/Backup
0x000000000f8b9000 	/usr/lib/libarchive.2.dylib
0x000000000f8b9000 	/System/Library/Frameworks/CFNetwork.framework/Versions/A/CFNetwork
0x000000000f8b9000 	/System/Library/Frameworks/SystemConfiguration.framework/Versions/A/SystemConfiguration
0x000000000f8b9000 	/usr/lib/libCRFSuite.dylib
0x000000000f8b9000 	/usr/lib/libc++.1.dylib
0x000000000f8b9000 	/usr/lib/libc++abi.dylib
0x000000000f8b9000 	/usr/lib/system/libcache.dylib
0x000000000f8b9000 	/usr/lib/system/libcommonCrypto.dylib
0x000000000f8b9000 	/usr/lib/system/libcompiler_rt.dylib
0x000000000f8b9000 	/usr/lib/system/libcopyfile.dylib
0x000000000f8b9000 	/usr/lib/system/libcorecrypto.dylib
0x000000000f8b9000 	/usr/lib/system/libdispatch.dylib
0x000000000f8b9000 	/usr/lib/system/libdyld.dylib
0x000000000f8b9000 	/usr/lib/system/libkeymgr.dylib
0x000000000f8b9000 	/usr/lib/system/liblaunch.dylib
0x000000000f8b9000 	/usr/lib/system/libmacho.dylib
0x000000000f8b9000 	/usr/lib/system/libquarantine.dylib
0x000000000f8b9000 	/usr/lib/system/libremovefile.dylib
0x000000000f8b9000 	/usr/lib/system/libsystem_asl.dylib
0x000000000f8b9000 	/usr/lib/system/libsystem_blocks.dylib
0x000000000f8b9000 	/usr/lib/system/libsystem_c.dylib
0x000000000f8b9000 	/usr/lib/system/libsystem_configuration.dylib
0x000000000f8b9000 	/usr/lib/system/libsystem_coreservices.dylib
0x000000000f8b9000 	/usr/lib/system/libsystem_coretls.dylib
0x000000000f8b9000 	/usr/lib/system/libsystem_dnssd.dylib
0x000000000f8b9000 	/usr/lib/system/libsystem_info.dylib
0x000000000f8b9000 	/usr/lib/system/libsystem_kernel.dylib
0x000000000f8b9000 	/usr/lib/system/libsystem_m.dylib
0x000000000f8b9000 	/usr/lib/system/libsystem_malloc.dylib
0x000000000f8b9000 	/usr/lib/system/libsystem_network.dylib
0x000000000f8b9000 	/usr/lib/system/libsystem_networkextension.dylib
0x000000000f8b9000 	/usr/lib/system/libsystem_notify.dylib
0x000000000f8b9000 	/usr/lib/system/libsystem_platform.dylib
0x000000000f8b9000 	/usr/lib/system/libsystem_pthread.dylib
0x000000000f8b9000 	/usr/lib/system/libsystem_sandbox.dylib
0x000000000f8b9000 	/usr/lib/system/libsystem_secinit.dylib
0x000000000f8b9000 	/usr/lib/system/libsystem_symptoms.dylib
0x000000000f8b9000 	/usr/lib/system/libsystem_trace.dylib
0x000000000f8b9000 	/usr/lib/system/libunwind.dylib
0x000000000f8b9000 	/usr/lib/system/libxpc.dylib
0x000000000f8b9000 	/usr/lib/libbsm.0.dylib
0x000000000f8b9000 	/usr/lib/system/libkxld.dylib
0x000000000f8b9000 	/usr/lib/libcoretls.dylib
0x000000000f8b9000 	/usr/lib/libcoretls_cfhelpers.dylib
0x000000000f8b9000 	/usr/lib/libxar.1.dylib
0x000000000f8b9000 	/usr/lib/libsqlite3.dylib
0x000000000f8b9000 	/usr/lib/libpam.2.dylib
0x000000000f8b9000 	/usr/lib/libOpenScriptingUtil.dylib
0x000000000f8b9000 	/usr/lib/libbz2.1.0.dylib
0x000000000f8b9000 	/usr/lib/liblzma.5.dylib
0x000000000f8b9000 	/usr/lib/libnetwork.dylib
0x000000000f8b9000 	/usr/lib/libpcap.A.dylib
0x000000000f8b9000 	/System/Library/Frameworks/CoreServices.framework/Versions/A/Frameworks/FSEvents.framework/Versions/A/FSEvents
0x000000000f8b9000 	/System/Library/Frameworks/CoreServices.framework/Versions/A/Frameworks/CarbonCore.framework/Versions/A/CarbonCore
0x000000000f8b9000 	/System/Library/Frameworks/CoreServices.framework/Versions/A/Frameworks/Metadata.framework/Versions/A/Metadata
0x000000000f8b9000 	/System/Library/Frameworks/CoreServices.framework/Versions/A/Frameworks/OSServices.framework/Versions/A/OSServices
0x000000000f8b9000 	/System/Library/Frameworks/CoreServices.framework/Versions/A/Frameworks/SearchKit.framework/Versions/A/SearchKit
0x000000000f8b9000 	/System/Library/Frameworks/CoreServices.framework/Versions/A/Frameworks/AE.framework/Versions/A/AE
0x000000000f8b9000 	/System/Library/Frameworks/CoreServices.framework/Versions/A/Frameworks/LaunchServices.framework/Versions/A/LaunchServices
0x000000000f8b9000 	/System/Library/Frameworks/CoreServices.framework/Versions/A/Frameworks/DictionaryServices.framework/Versions/A/DictionaryServices
0x000000000f8b9000 	/System/Library/Frameworks/CoreServices.framework/Versions/A/Frameworks/SharedFileList.framework/Versions/A/SharedFileList
0x000000000f8b9000 	/System/Library/Frameworks/NetFS.framework/Versions/A/NetFS
0x000000000f8b9000 	/System/Library/PrivateFrameworks/NetAuth.framework/Versions/A/NetAuth
0x000000000f8b9000 	/System/Library/PrivateFrameworks/login.framework/Versions/A/Frameworks/loginsupport.framework/Versions/A/loginsupport
0x000000000f8b9000 	/System/Library/PrivateFrameworks/TCC.framework/Versions/A/TCC
0x000000000f8b9000 	/usr/lib/libmecabra.dylib
0x000000000f8b9000 	/System/Library/Frameworks/ApplicationServices.framework/Versions/A/Frameworks/ATS.framework/Versions/A/ATS
0x000000000f8b9000 	/System/Library/Frameworks/ApplicationServices.framework/Versions/A/Frameworks/ColorSync.framework/Versions/A/ColorSync
0x000000000f8b9000 	/System/Library/Frameworks/ApplicationServices.framework/Versions/A/Frameworks/HIServices.framework/Versions/A/HIServices
0x000000000f8b9000 	/System/Library/Frameworks/ApplicationServices.framework/Versions/A/Frameworks/LangAnalysis.framework/Versions/A/LangAnalysis
0x000000000f8b9000 	/System/Library/Frameworks/ApplicationServices.framework/Versions/A/Frameworks/PrintCore.framework/Versions/A/PrintCore
0x000000000f8b9000 	/System/Library/Frameworks/ApplicationServices.framework/Versions/A/Frameworks/QD.framework/Versions/A/QD
0x000000000f8b9000 	/System/Library/Frameworks/ApplicationServices.framework/Versions/A/Frameworks/SpeechSynthesis.framework/Versions/A/SpeechSynthesis
0x000000000f8b9000 	/System/Library/Frameworks/Accelerate.framework/Versions/A/Frameworks/vImage.framework/Versions/A/vImage
0x000000000f8b9000 	/System/Library/Frameworks/Accelerate.framework/Versions/A/Frameworks/vecLib.framework/Versions/A/vecLib
0x000000000f8b9000 	/System/Library/Frameworks/Accelerate.framework/Versions/A/Frameworks/vecLib.framework/Versions/A/libvDSP.dylib
0x000000000f8b9000 	/System/Library/Frameworks/Accelerate.framework/Versions/A/Frameworks/vecLib.framework/Versions/A/libBNNS.dylib
0x000000000f8b9000 	/System/Library/Frameworks/Accelerate.framework/Versions/A/Frameworks/vecLib.framework/Versions/A/libQuadrature.dylib
0x000000000f8b9000 	/System/Library/Frameworks/Accelerate.framework/Versions/A/Frameworks/vecLib.framework/Versions/A/libvMisc.dylib
0x000000000f8b9000 	/System/Library/Frameworks/Accelerate.framework/Versions/A/Frameworks/vecLib.framework/Versions/A/libLAPACK.dylib
0x000000000f8b9000 	/System/Library/Frameworks/Accelerate.framework/Versions/A/Frameworks/vecLib.framework/Versions/A/libBLAS.dylib
0x000000000f8b9000 	/System/Library/Frameworks/Accelerate.framework/Versions/A/Frameworks/vecLib.framework/Versions/A/libLinearAlgebra.dylib
0x000000000f8b9000 	/System/Library/Frameworks/Accelerate.framework/Versions/A/Frameworks/vecLib.framework/Versions/A/libSparseBLAS.dylib
0x000000000f8b9000 	/System/Library/Frameworks/ApplicationServices.framework/Versions/A/Frameworks/ATS.framework/Versions/A/Resources/libFontParser.dylib
0x000000000f8b9000 	/System/Library/Frameworks/ApplicationServices.framework/Versions/A/Frameworks/ATS.framework/Versions/A/Resources/libFontRegistry.dylib
0x000000000f8b9000 	/System/Library/Frameworks/ImageIO.framework/Versions/A/Resources/libJPEG.dylib
0x000000000f8b9000 	/System/Library/Frameworks/ImageIO.framework/Versions/A/Resources/libTIFF.dylib
0x000000000f8b9000 	/System/Library/Frameworks/ImageIO.framework/Versions/A/Resources/libPng.dylib
0x000000000f8b9000 	/System/Library/Frameworks/ImageIO.framework/Versions/A/Resources/libGIF.dylib
0x000000000f8b9000 	/System/Library/Frameworks/ImageIO.framework/Versions/A/Resources/libJP2.dylib
0x000000000f8b9000 	/System/Library/Frameworks/ImageIO.framework/Versions/A/Resources/libRadiance.dylib
0x000000000f8b9000 	/usr/lib/libcompression.dylib
0x000000000f8b9000 	/System/Library/PrivateFrameworks/AppleJPEG.framework/Versions/A/AppleJPEG
0x000000000f8b9000 	/usr/lib/libcups.2.dylib
0x000000000f8b9000 	/System/Library/Frameworks/Kerberos.framework/Versions/A/Kerberos
0x000000000f8b9000 	/System/Library/Frameworks/GSS.framework/Versions/A/GSS
0x000000000f8b9000 	/usr/lib/libresolv.9.dylib
0x000000000f8b9000 	/usr/lib/libiconv.2.dylib
0x000000000f8b9000 	/System/Library/PrivateFrameworks/Heimdal.framework/Versions/A/Heimdal
0x000000000f8b9000 	/usr/lib/libheimdal-asn1.dylib
0x000000000f8b9000 	/System/Library/Frameworks/OpenDirectory.framework/Versions/A/OpenDirectory
0x000000000f8b9000 	/System/Library/PrivateFrameworks/CommonAuth.framework/Versions/A/CommonAuth
0x000000000f8b9000 	/System/Library/Frameworks/OpenDirectory.framework/Versions/A/Frameworks/CFOpenDirectory.framework/Versions/A/CFOpenDirectory
0x000000000f8b9000 	/System/Library/Frameworks/SecurityFoundation.framework/Versions/A/SecurityFoundation
0x000000000f8b9000 	/System/Library/PrivateFrameworks/LanguageModeling.framework/Versions/A/LanguageModeling
0x000000000f8b9000 	/usr/lib/libmarisa.dylib
0x000000000f8b9000 	/usr/lib/libChineseTokenizer.dylib
0x000000000f8b9000 	/usr/lib/libcmph.dylib
0x000000000f8b9000 	/System/Library/PrivateFrameworks/CoreEmoji.framework/Versions/A/CoreEmoji
0x000000000f8b9000 	/System/Library/Frameworks/ServiceManagement.framework/Versions/A/ServiceManagement
0x000000000f8b9000 	/usr/lib/libxslt.1.dylib
0x000000000f8b9000 	/System/Library/Frameworks/Carbon.framework/Versions/A/Frameworks/Ink.framework/Versions/A/Ink
0x000000000f8b9000 	/System/Library/PrivateFrameworks/TextureIO.framework/Versions/A/TextureIO
0x000000000f8b9000 	/System/Library/Frameworks/Metal.framework/Versions/A/Metal
0x000000000f8b9000 	/usr/lib/libate.dylib
0x000000000f8b9000 	/System/Library/PrivateFrameworks/GPUCompiler.framework/libmetal_timestamp.dylib
0x000000000f8b9000 	/System/Library/Frameworks/OpenGL.framework/Versions/A/Libraries/libCoreFSCache.dylib
0x000000000f8b9000 	/System/Library/PrivateFrameworks/IOAccelerator.framework/Versions/A/IOAccelerator
0x000000000f8b9000 	/System/Library/Frameworks/CoreVideo.framework/Versions/A/CoreVideo
0x000000000f8b9000 	/usr/lib/libFosl_dynamic.dylib
0x000000000f8b9000 	/System/Library/PrivateFrameworks/MetalPerformanceShaders.framework/Versions/A/MetalPerformanceShaders
0x000000000f8b9000 	/System/Library/PrivateFrameworks/FaceCore.framework/Versions/A/FaceCore
0x000000000f8b9000 	/System/Library/Frameworks/OpenCL.framework/Versions/A/OpenCL
0x000000000f8b9000 	/System/Library/Frameworks/OpenGL.framework/Versions/A/Libraries/libGLU.dylib
0x000000000f8b9000 	/System/Library/Frameworks/OpenGL.framework/Versions/A/Libraries/libGFXShared.dylib
0x000000000f8b9000 	/System/Library/Frameworks/OpenGL.framework/Versions/A/Libraries/libGL.dylib
0x000000000f8b9000 	/System/Library/Frameworks/OpenGL.framework/Versions/A/Libraries/libGLImage.dylib
0x000000000f8b9000 	/System/Library/Frameworks/OpenGL.framework/Versions/A/Libraries/libCVMSPluginSupport.dylib
0x000000000f8b9000 	/System/Library/Frameworks/OpenGL.framework/Versions/A/Libraries/libCoreVMClient.dylib
0x000000000f8b9000 	/System/Library/PrivateFrameworks/CrashReporterSupport.framework/Versions/A/CrashReporterSupport
0x000000000f8b9000 	/System/Library/PrivateFrameworks/Sharing.framework/Versions/A/Sharing
0x000000000f8b9000 	/System/Library/PrivateFrameworks/IconServices.framework/Versions/A/IconServices
0x000000000f8b9000 	/System/Library/PrivateFrameworks/ProtocolBuffer.framework/Versions/A/ProtocolBuffer
0x000000000f8b9000 	/System/Library/PrivateFrameworks/Apple80211.framework/Versions/A/Apple80211
0x000000000f8b9000 	/System/Library/Frameworks/CoreWLAN.framework/Versions/A/CoreWLAN
0x000000000f8b9000 	/System/Library/PrivateFrameworks/CoreUtils.framework/Versions/A/CoreUtils
0x000000000f8b9000 	/System/Library/Frameworks/IOBluetooth.framework/Versions/A/IOBluetooth
0x000000000f8b9000 	/System/Library/PrivateFrameworks/CoreWiFi.framework/Versions/A/CoreWiFi
0x000000000f8b9000 	/System/Library/Frameworks/CoreBluetooth.framework/Versions/A/CoreBluetooth
0x000000000f8b9000 	/System/Library/Frameworks/CoreDisplay.framework/Versions/A/CoreDisplay
0x000000000f8b9000 	/System/Library/PrivateFrameworks/IOPresentment.framework/Versions/A/IOPresentment
0x000000000f8b9000 	/System/Library/PrivateFrameworks/DebugSymbols.framework/Versions/A/DebugSymbols
0x000000000f8b9000 	/System/Library/PrivateFrameworks/CoreSymbolication.framework/Versions/A/CoreSymbolication
0x000000000f8b9000 	/System/Library/PrivateFrameworks/Symbolication.framework/Versions/A/Symbolication
0x000000000f8b9000 	/System/Library/PrivateFrameworks/AppleFSCompression.framework/Versions/A/AppleFSCompression
0x000000000f8b9000 	/System/Library/PrivateFrameworks/SpeechRecognitionCore.framework/Versions/A/SpeechRecognitionCore
0x000000000f8b9000 	/System/Library/PrivateFrameworks/ChunkingLibrary.framework/Versions/A/ChunkingLibrary
0x0000000103edd000 	/Library/Java/JavaVirtualMachines/jdk1.8.0_65.jdk/Contents/Home/jre/lib/server/libjvm.dylib
0x000000000f8b9000 	/usr/lib/libstdc++.6.dylib
0x0000000102b55000 	/Library/Java/JavaVirtualMachines/jdk1.8.0_65.jdk/Contents/Home/jre/lib/libverify.dylib
0x0000000102b63000 	/Library/Java/JavaVirtualMachines/jdk1.8.0_65.jdk/Contents/Home/jre/lib/libjava.dylib
0x0000000102ba2000 	/Library/Java/JavaVirtualMachines/jdk1.8.0_65.jdk/Contents/Home/jre/lib/libzip.dylib
0x000000011fc81000 	/System/Library/Frameworks/JavaVM.framework/Frameworks/JavaRuntimeSupport.framework/JavaRuntimeSupport
0x000000011fc9b000 	/System/Library/Frameworks/JavaVM.framework/Versions/A/Frameworks/JavaNativeFoundation.framework/Versions/A/JavaNativeFoundation
0x000000011fcb0000 	/System/Library/Frameworks/JavaVM.framework/Versions/A/JavaVM
0x000000000f8b9000 	/System/Library/Frameworks/Carbon.framework/Versions/A/Carbon
0x000000011fcbd000 	/System/Library/PrivateFrameworks/JavaLaunching.framework/Versions/A/JavaLaunching
0x000000000f8b9000 	/System/Library/Frameworks/Carbon.framework/Versions/A/Frameworks/CommonPanels.framework/Versions/A/CommonPanels
0x000000000f8b9000 	/System/Library/Frameworks/Carbon.framework/Versions/A/Frameworks/Help.framework/Versions/A/Help
0x000000000f8b9000 	/System/Library/Frameworks/Carbon.framework/Versions/A/Frameworks/ImageCapture.framework/Versions/A/ImageCapture
0x000000000f8b9000 	/System/Library/Frameworks/Carbon.framework/Versions/A/Frameworks/OpenScripting.framework/Versions/A/OpenScripting
0x000000000f8b9000 	/System/Library/Frameworks/Carbon.framework/Versions/A/Frameworks/Print.framework/Versions/A/Print
0x000000000f8b9000 	/System/Library/Frameworks/Carbon.framework/Versions/A/Frameworks/SecurityHI.framework/Versions/A/SecurityHI
0x00000001215bf000 	/Library/Java/JavaVirtualMachines/jdk1.8.0_65.jdk/Contents/Home/jre/lib/libawt.dylib
0x0000000121667000 	/Library/Java/JavaVirtualMachines/jdk1.8.0_65.jdk/Contents/Home/jre/lib/./libmlib_image.dylib
0x0000000121733000 	/Library/Java/JavaVirtualMachines/jdk1.8.0_65.jdk/Contents/Home/jre/lib/libawt_lwawt.dylib
0x00000001217e8000 	/Library/Java/JavaVirtualMachines/jdk1.8.0_65.jdk/Contents/Home/jre/lib/./libosxapp.dylib
0x000000000f8b9000 	/System/Library/Frameworks/ExceptionHandling.framework/Versions/A/ExceptionHandling
0x000000000f8b9000 	/System/Library/PrivateFrameworks/CoreServicesInternal.framework/Versions/A/CoreServicesInternal
0x000000000f8b9000 	/System/Library/CoreServices/RawCamera.bundle/Contents/MacOS/RawCamera
0x000000000f8b9000 	/System/Library/Frameworks/Accelerate.framework/Versions/A/Frameworks/vImage.framework/Versions/A/Libraries/libCGInterfaces.dylib
0x000000000f8b9000 	/System/Library/Frameworks/ApplicationServices.framework/Versions/A/Frameworks/ATS.framework/Versions/A/Resources/libTrueTypeScaler.dylib
0x000000000f8b9000 	/System/Library/Frameworks/OpenGL.framework/Versions/A/Resources/GLEngine.bundle/GLEngine
0x000000000f8b9000 	/System/Library/Frameworks/OpenGL.framework/Versions/A/Libraries/libGLProgrammability.dylib
0x00000001238e7000 	/System/Library/Extensions/AppleIntelHD5000GraphicsGLDriver.bundle/Contents/MacOS/AppleIntelHD5000GraphicsGLDriver
0x000000000f8b9000 	/System/Library/PrivateFrameworks/GPUSupport.framework/Versions/A/Libraries/libGPUSupportMercury.dylib
0x000000000f8b9000 	/System/Library/Frameworks/OpenGL.framework/Versions/A/Resources/GLRendererFloat.bundle/GLRendererFloat
0x000000000f8b9000 	/System/Library/Frameworks/OpenCL.framework/Versions/A/Libraries/libcldcpuengine.dylib
0x000000000f8b9000 	/usr/lib/libcrypto.0.9.8.dylib
0x000000000f8b9000 	/System/Library/PrivateFrameworks/TrustEvaluationAgent.framework/Versions/A/TrustEvaluationAgent
0x0000000124069000 	/System/Library/Extensions/AppleIntelHD5000GraphicsMTLDriver.bundle/Contents/MacOS/AppleIntelHD5000GraphicsMTLDriver
0x000000000f8b9000 	/System/Library/PrivateFrameworks/FamilyControls.framework/Versions/A/FamilyControls
0x000000000f8b9000 	/System/Library/PrivateFrameworks/CommerceKit.framework/Versions/A/Frameworks/CommerceCore.framework/Versions/A/CommerceCore
0x000000000f8b9000 	/System/Library/PrivateFrameworks/SystemAdministration.framework/Versions/A/SystemAdministration
0x000000000f8b9000 	/System/Library/PrivateFrameworks/AppContainer.framework/Versions/A/AppContainer
0x000000000f8b9000 	/System/Library/PrivateFrameworks/SecCodeWrapper.framework/Versions/A/SecCodeWrapper
0x000000000f8b9000 	/System/Library/Frameworks/DirectoryService.framework/Versions/A/DirectoryService
0x000000000f8b9000 	/System/Library/PrivateFrameworks/DiskImages.framework/Versions/A/DiskImages
0x000000000f8b9000 	/System/Library/PrivateFrameworks/LoginUIKit.framework/Versions/A/Frameworks/LoginUICore.framework/Versions/A/LoginUICore
0x000000000f8b9000 	/usr/lib/libCoreStorage.dylib
0x000000000f8b9000 	/usr/lib/libcsfde.dylib
0x000000000f8b9000 	/usr/lib/libodfde.dylib
0x000000000f8b9000 	/System/Library/Frameworks/DiscRecording.framework/Versions/A/DiscRecording
0x000000000f8b9000 	/usr/lib/libcurl.4.dylib
0x000000000f8b9000 	/System/Library/PrivateFrameworks/MediaKit.framework/Versions/A/MediaKit
0x000000000f8b9000 	/System/Library/PrivateFrameworks/ProtectedCloudStorage.framework/Versions/A/ProtectedCloudStorage
0x000000000f8b9000 	/System/Library/PrivateFrameworks/EFILogin.framework/Versions/A/EFILogin
0x000000000f8b9000 	/usr/lib/libutil.dylib
0x000000000f8b9000 	/System/Library/Frameworks/LDAP.framework/Versions/A/LDAP
0x000000000f8b9000 	/usr/lib/libsasl2.2.dylib
0x000000000f8b9000 	/System/Library/PrivateFrameworks/CoreDaemon.framework/Versions/B/CoreDaemon
0x000000000f8b9000 	/System/Library/PrivateFrameworks/AppleSRP.framework/Versions/A/AppleSRP
0x000000000f8b9000 	/System/Library/PrivateFrameworks/APFS.framework/Versions/A/APFS
0x000000012546d000 	/Library/Java/JavaVirtualMachines/jdk1.8.0_65.jdk/Contents/Home/jre/lib/libfontmanager.dylib
0x0000000122949000 	/Library/Java/JavaVirtualMachines/jdk1.8.0_65.jdk/Contents/Home/jre/lib/libosxui.dylib

VM Arguments:
jvm_args: -Dfile.encoding=UTF-8 
java_command: Tetris
java_class_path (initial): /Users/Spekter/Documents/workspace/TetrisGame/build/classes:/Users/Spekter/Downloads/Eclipse.app/Contents/Eclipse/plugins/org.junit_4.12.0.v201504281640/junit.jar:/Users/Spekter/Downloads/Eclipse.app/Contents/Eclipse/plugins/org.hamcrest.core_1.3.0.v201303031735.jar
Launcher Type: SUN_STANDARD

Environment Variables:
PATH=/usr/bin:/bin:/usr/sbin:/sbin
SHELL=/bin/bash
DISPLAY=/private/tmp/com.apple.launchd.zNJx7c8kAh/org.macosforge.xquartz:0

Signal Handlers:
SIGSEGV: [libjvm.dylib+0x5a6d31], sa_mask[0]=11111111011111110111111111111111, sa_flags=SA_ONSTACK|SA_RESTART|SA_SIGINFO
SIGBUS: [libjvm.dylib+0x5a6d31], sa_mask[0]=11111111011111110111111111111111, sa_flags=SA_RESTART|SA_SIGINFO
SIGFPE: [libjvm.dylib+0x480a40], sa_mask[0]=11111111011111110111111111111111, sa_flags=SA_RESTART|SA_SIGINFO
SIGPIPE: [libjvm.dylib+0x480a40], sa_mask[0]=11111111011111110111111111111111, sa_flags=SA_RESTART|SA_SIGINFO
SIGXFSZ: [libjvm.dylib+0x480a40], sa_mask[0]=11111111011111110111111111111111, sa_flags=SA_RESTART|SA_SIGINFO
SIGILL: [libjvm.dylib+0x480a40], sa_mask[0]=11111111011111110111111111111111, sa_flags=SA_RESTART|SA_SIGINFO
SIGUSR1: SIG_DFL, sa_mask[0]=00000000000000000000000000000000, sa_flags=none
SIGUSR2: [libjvm.dylib+0x48055e], sa_mask[0]=00100000000000000000000000000000, sa_flags=SA_RESTART|SA_SIGINFO
SIGHUP: [libjvm.dylib+0x47eb35], sa_mask[0]=11111111011111110111111111111111, sa_flags=SA_RESTART|SA_SIGINFO
SIGINT: [libjvm.dylib+0x47eb35], sa_mask[0]=11111111011111110111111111111111, sa_flags=SA_RESTART|SA_SIGINFO
SIGTERM: [libjvm.dylib+0x47eb35], sa_mask[0]=11111111011111110111111111111111, sa_flags=SA_RESTART|SA_SIGINFO
SIGQUIT: [libjvm.dylib+0x47eb35], sa_mask[0]=11111111011111110111111111111111, sa_flags=SA_RESTART|SA_SIGINFO


---------------  S Y S T E M  ---------------

OS:Bsduname:Darwin 16.0.0 Darwin Kernel Version 16.0.0: Mon Aug 29 17:56:20 PDT 2016; root:xnu-3789.1.32~3/RELEASE_X86_64 x86_64
rlimit: STACK 8192k, CORE 0k, NPROC 709, NOFILE 10240, AS infinity
load average:2.79 3.13 3.02

CPU:total 8 (4 cores per cpu, 2 threads per core) family 6 model 70 stepping 1, cmov, cx8, fxsr, mmx, sse, sse2, sse3, ssse3, sse4.1, sse4.2, popcnt, avx, avx2, aes, clmul, erms, lzcnt, ht, tsc, tscinvbit, bmi1, bmi2

Memory: 4k page, physical 16777216k(1132112k free)

/proc/meminfo:


vm_info: Java HotSpot(TM) 64-Bit Server VM (25.65-b01) for bsd-amd64 JRE (1.8.0_65-b17), built on Oct  6 2015 15:36:46 by "java_re" with gcc 4.2.1 (Based on Apple Inc. build 5658) (LLVM build 2336.11.00)

time: Sun Oct 23 14:30:12 2016
elapsed time: 424163 seconds (4d 21h 49m 23s)

